#
# There is insufficient memory for the Java Runtime Environment to continue.
# Native memory allocation (mmap) failed to map 130023424 bytes for G1 virtual space
# Possible reasons:
#   The system is out of physical RAM or swap space
#   The process is running with CompressedOops enabled, and the Java Heap may be blocking the growth of the native heap
# Possible solutions:
#   Reduce memory load on the system
#   Increase physical memory or swap space
#   Check if swap backing store is full
#   Decrease Java heap size (-Xmx/-Xms)
#   Decrease number of Java threads
#   Decrease Java thread stack sizes (-Xss)
#   Set larger code cache with -XX:ReservedCodeCacheSize=
#   JVM is running with Unscaled Compressed Oops mode in which the Java heap is
#     placed in the first 4GB address space. The Java Heap base address is the
#     maximum limit for the native heap growth. Please use -XX:HeapBaseMinAddress
#     to set the Java Heap base and to place the Java Heap above 4GB virtual address.
# This output file may be truncated or incomplete.
#
#  Out of Memory Error (os_windows.cpp:3550), pid=13220, tid=3044
#
# JRE version:  (17.0.6+9) (build )
# Java VM: Java HotSpot(TM) 64-Bit Server VM (17.0.6+9-LTS-190, mixed mode, sharing, tiered, compressed oops, compressed class ptrs, g1 gc, windows-amd64)
# No core dump will be written. Minidumps are not enabled by default on client versions of Windows
#

---------------  S U M M A R Y ------------

Command Line: -Dfile.encoding=UTF-8 -XX:+ShowCodeDetailsInExceptionMessages aula_01.Atividade_06

Host: Intel(R) Core(TM) i5-7300U CPU @ 2.60GHz, 4 cores, 7G,  Windows 10 , 64 bit Build 19041 (10.0.19041.2364)
Time: Thu Feb  9 14:14:09 2023 Hora oficial do Brasil elapsed time: 0.025422 seconds (0d 0h 0m 0s)

---------------  T H R E A D  ---------------

Current thread (0x00000201ea43fa50):  JavaThread "Unknown thread" [_thread_in_vm, id=3044, stack(0x00000009d0d00000,0x00000009d0e00000)]

Stack: [0x00000009d0d00000,0x00000009d0e00000]
Native frames: (J=compiled Java code, j=interpreted, Vv=VM code, C=native code)
V  [jvm.dll+0x6734ea]
V  [jvm.dll+0x7d18f4]
V  [jvm.dll+0x7d309e]
V  [jvm.dll+0x7d3703]
V  [jvm.dll+0x2433c5]
V  [jvm.dll+0x6703f9]
V  [jvm.dll+0x664d32]
V  [jvm.dll+0x300086]
V  [jvm.dll+0x307606]
V  [jvm.dll+0x356c1e]
V  [jvm.dll+0x356e4f]
V  [jvm.dll+0x2d72e8]
V  [jvm.dll+0x2d8254]
V  [jvm.dll+0x7a33b1]
V  [jvm.dll+0x3647f1]
V  [jvm.dll+0x782839]
V  [jvm.dll+0x3e757f]
V  [jvm.dll+0x3e9001]
C  [jli.dll+0x5297]
C  [ucrtbase.dll+0x21bb2]
C  [KERNEL32.DLL+0x17614]
C  [ntdll.dll+0x526a1]


---------------  P R O C E S S  ---------------

Threads class SMR info:
_java_thread_list=0x00007ffab98de958, length=0, elements={
}

Java Threads: ( => current thread )

Other Threads:
  0x00000201ea497280 GCTaskThread "GC Thread#0" [stack: 0x00000009d0e00000,0x00000009d0f00000] [id=15656]
  0x00000201ea4a7550 ConcurrentGCThread "G1 Main Marker" [stack: 0x00000009d0f00000,0x00000009d1000000] [id=15688]
  0x00000201ea4aa660 ConcurrentGCThread "G1 Conc#0" [stack: 0x00000009d1000000,0x00000009d1100000] [id=19828]

[error occurred during error reporting (printing all threads), id 0xc0000005, EXCEPTION_ACCESS_VIOLATION (0xc0000005) at pc=0x00007ffab9117f07]

VM state: not at safepoint (not fully initialized)

VM Mutex/Monitor currently owned by a thread:  ([mutex/lock_event])
[0x00000201ea439110] Heap_lock - owner thread: 0x00000201ea43fa50

Heap address: 0x0000000085c00000, size: 1956 MB, Compressed Oops mode: 32-bit

CDS archive(s) mapped at: [0x0000000000000000-0x0000000000000000-0x0000000000000000), size 0, SharedBaseAddress: 0x0000000800000000, ArchiveRelocationMode: 0.
Narrow klass base: 0x0000000000000000, Narrow klass shift: 0, Narrow klass range: 0x0

GC Precious Log:
<Empty>

Heap:
 garbage-first heap   total 0K, used 0K [0x0000000085c00000, 0x0000000100000000)
  region size 1024K, 0 young (0K), 0 survivors (0K)

[error occurred during error reporting (printing heap information), id 0xc0000005, EXCEPTION_ACCESS_VIOLATION (0xc0000005) at pc=0x00007ffab94fc759]

GC Heap History (0 events):
No events

Deoptimization events (0 events):
No events

Classes unloaded (0 events):
No events

Classes redefined (0 events):
No events

Internal exceptions (0 events):
No events

VM Operations (0 events):
No events

Events (1 events):
Event: 0.013 Loaded shared library C:\Program Files\Java\jdk-17\bin\java.dll


Dynamic libraries:
0x00007ff66bc60000 - 0x00007ff66bc70000 	C:\Program Files\Java\jdk-17\bin\javaw.exe
0x00007ffb0ff90000 - 0x00007ffb10188000 	C:\Windows\SYSTEM32\ntdll.dll
0x00007ffb0e450000 - 0x00007ffb0e50f000 	C:\Windows\System32\KERNEL32.DLL
0x00007ffb0d680000 - 0x00007ffb0d952000 	C:\Windows\System32\KERNELBASE.dll
0x00007ffb0ab80000 - 0x00007ffb0ac11000 	C:\Windows\SYSTEM32\apphelp.dll
0x00007ffb0d960000 - 0x00007ffb0da60000 	C:\Windows\System32\ucrtbase.dll
0x00007ffb05ac0000 - 0x00007ffb05ad8000 	C:\Program Files\Java\jdk-17\bin\jli.dll
0x00007ffb05700000 - 0x00007ffb0571b000 	C:\Program Files\Java\jdk-17\bin\VCRUNTIME140.dll
0x00007ffb0f710000 - 0x00007ffb0f7be000 	C:\Windows\System32\ADVAPI32.dll
0x00007ffb0e680000 - 0x00007ffb0e71e000 	C:\Windows\System32\msvcrt.dll
0x00007ffb0f670000 - 0x00007ffb0f70c000 	C:\Windows\System32\sechost.dll
0x00007ffb0fd30000 - 0x00007ffb0fe55000 	C:\Windows\System32\RPCRT4.dll
0x00007ffb0fb20000 - 0x00007ffb0fcc1000 	C:\Windows\System32\USER32.dll
0x00007ffb0dd50000 - 0x00007ffb0dd72000 	C:\Windows\System32\win32u.dll
0x00007ffb0f400000 - 0x00007ffb0f42b000 	C:\Windows\System32\GDI32.dll
0x00007ffb0dec0000 - 0x00007ffb0dfcf000 	C:\Windows\System32\gdi32full.dll
0x00007ffafbf70000 - 0x00007ffafc20a000 	C:\Windows\WinSxS\amd64_microsoft.windows.common-controls_6595b64144ccf1df_6.0.19041.1110_none_60b5254171f9507e\COMCTL32.dll
0x00007ffb0dab0000 - 0x00007ffb0db4d000 	C:\Windows\System32\msvcp_win.dll
0x00007ffb05250000 - 0x00007ffb0525a000 	C:\Windows\SYSTEM32\VERSION.dll
0x00007ffb0e510000 - 0x00007ffb0e542000 	C:\Windows\System32\IMM32.DLL
0x00007ffb08cb0000 - 0x00007ffb08cbc000 	C:\Program Files\Java\jdk-17\bin\vcruntime140_1.dll
0x00007ffadfcd0000 - 0x00007ffadfd5e000 	C:\Program Files\Java\jdk-17\bin\msvcp140.dll
0x00007ffab8e30000 - 0x00007ffab9a07000 	C:\Program Files\Java\jdk-17\bin\server\jvm.dll
0x00007ffb0fe60000 - 0x00007ffb0fe68000 	C:\Windows\System32\PSAPI.DLL
0x00007ffb05590000 - 0x00007ffb05599000 	C:\Windows\SYSTEM32\WSOCK32.dll
0x00007ffb0e720000 - 0x00007ffb0e78b000 	C:\Windows\System32\WS2_32.dll
0x00007ffafba30000 - 0x00007ffafba57000 	C:\Windows\SYSTEM32\WINMM.dll
0x00007ffb0b590000 - 0x00007ffb0b5a2000 	C:\Windows\SYSTEM32\kernel.appcore.dll
0x00007ffafcdf0000 - 0x00007ffafcdfa000 	C:\Program Files\Java\jdk-17\bin\jimage.dll
0x00007ffb0ad70000 - 0x00007ffb0af54000 	C:\Windows\SYSTEM32\DBGHELP.DLL
0x00007ffaf5830000 - 0x00007ffaf5865000 	C:\Windows\SYSTEM32\dbgcore.DLL
0x00007ffb0dd80000 - 0x00007ffb0de02000 	C:\Windows\System32\bcryptPrimitives.dll
0x00007ffaec9a0000 - 0x00007ffaec9c5000 	C:\Program Files\Java\jdk-17\bin\java.dll

dbghelp: loaded successfully - version: 4.0.5 - missing functions: none
symbol engine: initialized successfully - sym options: 0x614 - pdb path: .;C:\Program Files\Java\jdk-17\bin;C:\Windows\SYSTEM32;C:\Windows\WinSxS\amd64_microsoft.windows.common-controls_6595b64144ccf1df_6.0.19041.1110_none_60b5254171f9507e;C:\Program Files\Java\jdk-17\bin\server

VM Arguments:
jvm_args: -Dfile.encoding=UTF-8 -XX:+ShowCodeDetailsInExceptionMessages 
java_command: aula_01.Atividade_06
java_class_path (initial): C:\Users\User\eclipse-workspace\aula_01\bin
Launcher Type: SUN_STANDARD

[Global flags]
     intx CICompilerCount                          = 3                                         {product} {ergonomic}
     uint ConcGCThreads                            = 1                                         {product} {ergonomic}
     uint G1ConcRefinementThreads                  = 4                                         {product} {ergonomic}
   size_t G1HeapRegionSize                         = 1048576                                   {product} {ergonomic}
    uintx GCDrainStackTargetSize                   = 64                                        {product} {ergonomic}
   size_t InitialHeapSize                          = 130023424                                 {product} {ergonomic}
   size_t MarkStackSize                            = 4194304                                   {product} {ergonomic}
   size_t MaxHeapSize                              = 2051014656                                {product} {ergonomic}
   size_t MinHeapDeltaBytes                        = 1048576                                   {product} {ergonomic}
   size_t MinHeapSize                              = 8388608                                   {product} {ergonomic}
    uintx NonNMethodCodeHeapSize                   = 5832780                                {pd product} {ergonomic}
    uintx NonProfiledCodeHeapSize                  = 122912730                              {pd product} {ergonomic}
    uintx ProfiledCodeHeapSize                     = 122912730                              {pd product} {ergonomic}
    uintx ReservedCodeCacheSize                    = 251658240                              {pd product} {ergonomic}
     bool SegmentedCodeCache                       = true                                      {product} {ergonomic}
     bool ShowCodeDetailsInExceptionMessages       = true                                   {manageable} {command line}
   size_t SoftMaxHeapSize                          = 2051014656                             {manageable} {ergonomic}
     bool UseCompressedClassPointers               = true                           {product lp64_product} {ergonomic}
     bool UseCompressedOops                        = true                           {product lp64_product} {ergonomic}
     bool UseG1GC                                  = true                                      {product} {ergonomic}
     bool UseLargePagesIndividualAllocation        = false                                  {pd product} {ergonomic}

Logging:
Log output configuration:
 #0: stdout all=warning uptime,level,tags
 #1: stderr all=off uptime,level,tags

Environment Variables:
JAVA_HOME=c:\Program Files\Java\jdk-17.0.3.1
PATH=C:/Program Files/Java/jdk-17/bin/server;C:/Program Files/Java/jdk-17/bin;C:/Users/User/AppData/Local/Temp/eoi9992.tmp//plugins/org.eclipse.justj.openjdk.hotspot.jre.minimal.stripped.win32.x86_64_17.0.4.v20221004-1257/jre/bin/server;C:/Users/User/AppData/Local/Temp/eoi9992.tmp//plugins/org.eclipse.justj.openjdk.hotspot.jre.minimal.stripped.win32.x86_64_17.0.4.v20221004-1257/jre/bin;C:\Program Files (x86)\Microsoft\Edge\Application;C:\Program Files\Common Files\Oracle\Java\javapath;C:\Windows\system32;C:\Windows;C:\Windows\System32\Wbem;C:\Windows\System32\WindowsPowerShell\v1.0\;C:\Windows\System32\OpenSSH\;C:\Program Files\Git\cmd;C:\ProgramData\UNIVALI\Portugol Studio;c:\Program Files\Java\jdk-17.0.3.1;C:\Users\User\AppData\Local\Microsoft\WindowsApps;C:\Users\User\AppData\Local\GitHubDesktop\bin;C:\Users\User\Downloads;;C:\Users\User\Downloads;
USERNAME=User
OS=Windows_NT
PROCESSOR_IDENTIFIER=Intel64 Family 6 Model 142 Stepping 9, GenuineIntel



---------------  S Y S T E M  ---------------

OS:
 Windows 10 , 64 bit Build 19041 (10.0.19041.2364)
OS uptime: 6 days 20:08 hours

CPU: total 4 (initial active 4) (2 cores per cpu, 2 threads per core) family 6 model 142 stepping 9 microcode 0xd6, cx8, cmov, fxsr, ht, mmx, 3dnowpref, sse, sse2, sse3, ssse3, sse4.1, sse4.2, popcnt, lzcnt, tsc, tscinvbit, avx, avx2, aes, erms, clmul, bmi1, bmi2, rtm, adx, fma, vzeroupper, clflush, clflushopt

Memory: 4k page, system-wide physical 7819M (1086M free)
TotalPageFile size 23011M (AvailPageFile size 100M)
current process WorkingSet (physical memory assigned to process): 10M, peak: 10M
current process commit charge ("private bytes"): 51M, peak: 175M

vm_info: Java HotSpot(TM) 64-Bit Server VM (17.0.6+9-LTS-190) for windows-amd64 JRE (17.0.6+9-LTS-190), built on Dec  6 2022 15:53:54 by "mach5one" with MS VC++ 17.1 (VS2022)

END.
